The target system is: Generic -  - arm
The host system is: Darwin - 23.2.0 - arm64
Compiling the C compiler identification source file "CMakeCCompilerId.c" succeeded.
Compiler: /opt/ST/STM32CubeCLT_1.15.1/GNU-tools-for-STM32/bin/arm-none-eabi-gcc 
Build flags: -fdata-sections;-ffunction-sections;-Wl,--gc-sections
Id flags: -c 

The output was:
0


Compilation of the C compiler identification source "CMakeCCompilerId.c" produced "CMakeCCompilerId.o"

The C compiler identification is GNU, found in "/Users/saucesaft/Developer/STM32/tractor_sim/build/relWithDebInfo/CMakeFiles/3.24.4/CompilerIdC/CMakeCCompilerId.o"

Compiling the CXX compiler identification source file "CMakeCXXCompilerId.cpp" succeeded.
Compiler: /opt/ST/STM32CubeCLT_1.15.1/GNU-tools-for-STM32/bin/arm-none-eabi-g++ 
Build flags: -fdata-sections;-ffunction-sections;-Wl,--gc-sections;-fno-rtti;-fno-exceptions;-fno-threadsafe-statics
Id flags: -c 

The output was:
0


Compilation of the CXX compiler identification source "CMakeCXXCompilerId.cpp" produced "CMakeCXXCompilerId.o"

The CXX compiler identification is GNU, found in "/Users/saucesaft/Developer/STM32/tractor_sim/build/relWithDebInfo/CMakeFiles/3.24.4/CompilerIdCXX/CMakeCXXCompilerId.o"

Detecting C compiler ABI info compiled with the following output:
Change Dir: /Users/saucesaft/Developer/STM32/tractor_sim/build/relWithDebInfo/CMakeFiles/CMakeTmp

Run Build Command(s):/opt/local/bin/ninja cmTC_844ff && [1/2] Building C object CMakeFiles/cmTC_844ff.dir/CMakeCCompilerABI.c.obj
Using built-in specs.
COLLECT_GCC=/opt/ST/STM32CubeCLT_1.15.1/GNU-tools-for-STM32/bin/arm-none-eabi-gcc
Target: arm-none-eabi
Configured with: /build/gnu-tools-for-stm32_12.3.rel1.20240306-1730/src/gcc/configure --target=arm-none-eabi --prefix=/build/gnu-tools-for-stm32_12.3.rel1.20240306-1730/install-native --libexecdir=/build/gnu-tools-for-stm32_12.3.rel1.20240306-1730/install-native/lib --infodir=/build/gnu-tools-for-stm32_12.3.rel1.20240306-1730/install-native/share/doc/gcc-arm-none-eabi/info --mandir=/build/gnu-tools-for-stm32_12.3.rel1.20240306-1730/install-native/share/doc/gcc-arm-none-eabi/man --htmldir=/build/gnu-tools-for-stm32_12.3.rel1.20240306-1730/install-native/share/doc/gcc-arm-none-eabi/html --pdfdir=/build/gnu-tools-for-stm32_12.3.rel1.20240306-1730/install-native/share/doc/gcc-arm-none-eabi/pdf --enable-languages=c,c++ --enable-plugins --disable-decimal-float --disable-libffi --disable-libgomp --disable-libmudflap --disable-libquadmath --disable-libssp --disable-libstdcxx-pch --disable-nls --disable-shared --disable-threads --disable-tls --with-gnu-as --with-gnu-ld --with-newlib --with-headers=yes --with-python-dir=share/gcc-arm-none-eabi --with-sysroot=/build/gnu-tools-for-stm32_12.3.rel1.20240306-1730/install-native/arm-none-eabi --with-zstd=no --build=x86_64-apple-darwin10 --host=x86_64-apple-darwin10 --with-gmp=/build/gnu-tools-for-stm32_12.3.rel1.20240306-1730/build-native/host-libs/usr --with-mpfr=/build/gnu-tools-for-stm32_12.3.rel1.20240306-1730/build-native/host-libs/usr --with-mpc=/build/gnu-tools-for-stm32_12.3.rel1.20240306-1730/build-native/host-libs/usr --with-isl=/build/gnu-tools-for-stm32_12.3.rel1.20240306-1730/build-native/host-libs/usr --with-host-libstdcxx='-static-libgcc -Wl,-lstdc++ -lm' --with-pkgversion='GNU Tools for STM32 12.3.rel1.20240306-1730' --with-multilib-list=rmprofile,aprofile
Thread model: single
Supported LTO compression algorithms: zlib
gcc version 12.3.1 20230626 (GNU Tools for STM32 12.3.rel1.20240306-1730) 
COLLECT_GCC_OPTIONS='-fdata-sections' '-ffunction-sections' '-v' '-o' 'CMakeFiles/cmTC_844ff.dir/CMakeCCompilerABI.c.obj' '-c' '-mcpu=arm7tdmi' '-mfloat-abi=soft' '-marm' '-mlibarch=armv4t' '-march=armv4t' '-dumpdir' 'CMakeFiles/cmTC_844ff.dir/'
 /opt/ST/STM32CubeCLT_1.15.1/GNU-tools-for-STM32/bin/../lib/gcc/arm-none-eabi/12.3.1/cc1 -quiet -v -iprefix /opt/ST/STM32CubeCLT_1.15.1/GNU-tools-for-STM32/bin/../lib/gcc/arm-none-eabi/12.3.1/ -isysroot /opt/ST/STM32CubeCLT_1.15.1/GNU-tools-for-STM32/bin/../arm-none-eabi -D__USES_INITFINI__ /opt/local/share/cmake-3.24/Modules/CMakeCCompilerABI.c -quiet -dumpdir CMakeFiles/cmTC_844ff.dir/ -dumpbase CMakeCCompilerABI.c.c -dumpbase-ext .c -mcpu=arm7tdmi -mfloat-abi=soft -marm -mlibarch=armv4t -march=armv4t -version -fdata-sections -ffunction-sections -o /var/folders/zb/2fr8wgwj6w90qbm9z8l8q46c0000gn/T//cc1PaXX8.s
GNU C17 (GNU Tools for STM32 12.3.rel1.20240306-1730) version 12.3.1 20230626 (arm-none-eabi)
	compiled by GNU C version 4.2.1 Compatible Apple LLVM 10.0.1 (clang-1001.0.46.4), GMP version 6.2.1, MPFR version 3.1.6, MPC version 1.0.3, isl version isl-0.15-1-g835ea3a-GMP

GGC heuristics: --param ggc-min-expand=100 --param ggc-min-heapsize=131072
ignoring duplicate directory "/opt/ST/STM32CubeCLT_1.15.1/GNU-tools-for-STM32/bin/../lib/gcc/../../lib/gcc/arm-none-eabi/12.3.1/include"
ignoring nonexistent directory "/opt/ST/STM32CubeCLT_1.15.1/GNU-tools-for-STM32/bin/../arm-none-eabi/usr/local/include"
ignoring duplicate directory "/opt/ST/STM32CubeCLT_1.15.1/GNU-tools-for-STM32/bin/../lib/gcc/../../lib/gcc/arm-none-eabi/12.3.1/include-fixed"
ignoring duplicate directory "/opt/ST/STM32CubeCLT_1.15.1/GNU-tools-for-STM32/bin/../lib/gcc/../../lib/gcc/arm-none-eabi/12.3.1/../../../../arm-none-eabi/include"
ignoring nonexistent directory "/opt/ST/STM32CubeCLT_1.15.1/GNU-tools-for-STM32/bin/../arm-none-eabi/usr/include"
#include "..." search starts here:
#include <...> search starts here:
 /opt/ST/STM32CubeCLT_1.15.1/GNU-tools-for-STM32/bin/../lib/gcc/arm-none-eabi/12.3.1/include
 /opt/ST/STM32CubeCLT_1.15.1/GNU-tools-for-STM32/bin/../lib/gcc/arm-none-eabi/12.3.1/include-fixed
 /opt/ST/STM32CubeCLT_1.15.1/GNU-tools-for-STM32/bin/../lib/gcc/arm-none-eabi/12.3.1/../../../../arm-none-eabi/include
End of search list.
GNU C17 (GNU Tools for STM32 12.3.rel1.20240306-1730) version 12.3.1 20230626 (arm-none-eabi)
	compiled by GNU C version 4.2.1 Compatible Apple LLVM 10.0.1 (clang-1001.0.46.4), GMP version 6.2.1, MPFR version 3.1.6, MPC version 1.0.3, isl version isl-0.15-1-g835ea3a-GMP

GGC heuristics: --param ggc-min-expand=100 --param ggc-min-heapsize=131072
Compiler executable checksum: 5f00c3c68bc7613d4f26c324db7e9015
COLLECT_GCC_OPTIONS='-fdata-sections' '-ffunction-sections' '-v' '-o' 'CMakeFiles/cmTC_844ff.dir/CMakeCCompilerABI.c.obj' '-c' '-mcpu=arm7tdmi' '-mfloat-abi=soft' '-marm' '-mlibarch=armv4t' '-march=armv4t' '-dumpdir' 'CMakeFiles/cmTC_844ff.dir/'
 /opt/ST/STM32CubeCLT_1.15.1/GNU-tools-for-STM32/bin/../lib/gcc/arm-none-eabi/12.3.1/../../../../arm-none-eabi/bin/as -v -march=armv4t -mfloat-abi=soft -meabi=5 -o CMakeFiles/cmTC_844ff.dir/CMakeCCompilerABI.c.obj /var/folders/zb/2fr8wgwj6w90qbm9z8l8q46c0000gn/T//cc1PaXX8.s
GNU assembler version 2.40.0 (arm-none-eabi) using BFD version (GNU Tools for STM32 12.3.rel1.20240306-1730) 2.40.0.20230627
COMPILER_PATH=/opt/ST/STM32CubeCLT_1.15.1/GNU-tools-for-STM32/bin/../lib/gcc/arm-none-eabi/12.3.1/:/opt/ST/STM32CubeCLT_1.15.1/GNU-tools-for-STM32/bin/../lib/gcc/:/opt/ST/STM32CubeCLT_1.15.1/GNU-tools-for-STM32/bin/../lib/gcc/arm-none-eabi/12.3.1/../../../../arm-none-eabi/bin/
LIBRARY_PATH=/opt/ST/STM32CubeCLT_1.15.1/GNU-tools-for-STM32/bin/../lib/gcc/arm-none-eabi/12.3.1/:/opt/ST/STM32CubeCLT_1.15.1/GNU-tools-for-STM32/bin/../lib/gcc/:/opt/ST/STM32CubeCLT_1.15.1/GNU-tools-for-STM32/bin/../lib/gcc/arm-none-eabi/12.3.1/../../../../arm-none-eabi/lib/:/opt/ST/STM32CubeCLT_1.15.1/GNU-tools-for-STM32/bin/../arm-none-eabi/lib/
COLLECT_GCC_OPTIONS='-fdata-sections' '-ffunction-sections' '-v' '-o' 'CMakeFiles/cmTC_844ff.dir/CMakeCCompilerABI.c.obj' '-c' '-mcpu=arm7tdmi' '-mfloat-abi=soft' '-marm' '-mlibarch=armv4t' '-march=armv4t' '-dumpdir' 'CMakeFiles/cmTC_844ff.dir/CMakeCCompilerABI.c.'
[2/2] Linking C static library libcmTC_844ff.a



Parsed C implicit include dir info from above output: rv=done
  found start of include info
  found start of implicit include info
    add: [/opt/ST/STM32CubeCLT_1.15.1/GNU-tools-for-STM32/bin/../lib/gcc/arm-none-eabi/12.3.1/include]
    add: [/opt/ST/STM32CubeCLT_1.15.1/GNU-tools-for-STM32/bin/../lib/gcc/arm-none-eabi/12.3.1/include-fixed]
    add: [/opt/ST/STM32CubeCLT_1.15.1/GNU-tools-for-STM32/bin/../lib/gcc/arm-none-eabi/12.3.1/../../../../arm-none-eabi/include]
  end of search list found
  collapse include dir [/opt/ST/STM32CubeCLT_1.15.1/GNU-tools-for-STM32/bin/../lib/gcc/arm-none-eabi/12.3.1/include] ==> [/opt/ST/STM32CubeCLT_1.15.1/GNU-tools-for-STM32/lib/gcc/arm-none-eabi/12.3.1/include]
  collapse include dir [/opt/ST/STM32CubeCLT_1.15.1/GNU-tools-for-STM32/bin/../lib/gcc/arm-none-eabi/12.3.1/include-fixed] ==> [/opt/ST/STM32CubeCLT_1.15.1/GNU-tools-for-STM32/lib/gcc/arm-none-eabi/12.3.1/include-fixed]
  collapse include dir [/opt/ST/STM32CubeCLT_1.15.1/GNU-tools-for-STM32/bin/../lib/gcc/arm-none-eabi/12.3.1/../../../../arm-none-eabi/include] ==> [/opt/ST/STM32CubeCLT_1.15.1/GNU-tools-for-STM32/arm-none-eabi/include]
  implicit include dirs: [/opt/ST/STM32CubeCLT_1.15.1/GNU-tools-for-STM32/lib/gcc/arm-none-eabi/12.3.1/include;/opt/ST/STM32CubeCLT_1.15.1/GNU-tools-for-STM32/lib/gcc/arm-none-eabi/12.3.1/include-fixed;/opt/ST/STM32CubeCLT_1.15.1/GNU-tools-for-STM32/arm-none-eabi/include]


Parsed C implicit link information from above output:
  link line regex: [^( *|.*[/\])(arm-none-eabi-ld|CMAKE_LINK_STARTFILE-NOTFOUND|([^/\]+-)?ld|collect2)[^/\]*( |$)]
  ignore line: [Change Dir: /Users/saucesaft/Developer/STM32/tractor_sim/build/relWithDebInfo/CMakeFiles/CMakeTmp]
  ignore line: []
  ignore line: [Run Build Command(s):/opt/local/bin/ninja cmTC_844ff && [1/2] Building C object CMakeFiles/cmTC_844ff.dir/CMakeCCompilerABI.c.obj]
  ignore line: [Using built-in specs.]
  ignore line: [COLLECT_GCC=/opt/ST/STM32CubeCLT_1.15.1/GNU-tools-for-STM32/bin/arm-none-eabi-gcc]
  ignore line: [Target: arm-none-eabi]
  ignore line: [Configured with: /build/gnu-tools-for-stm32_12.3.rel1.20240306-1730/src/gcc/configure --target=arm-none-eabi --prefix=/build/gnu-tools-for-stm32_12.3.rel1.20240306-1730/install-native --libexecdir=/build/gnu-tools-for-stm32_12.3.rel1.20240306-1730/install-native/lib --infodir=/build/gnu-tools-for-stm32_12.3.rel1.20240306-1730/install-native/share/doc/gcc-arm-none-eabi/info --mandir=/build/gnu-tools-for-stm32_12.3.rel1.20240306-1730/install-native/share/doc/gcc-arm-none-eabi/man --htmldir=/build/gnu-tools-for-stm32_12.3.rel1.20240306-1730/install-native/share/doc/gcc-arm-none-eabi/html --pdfdir=/build/gnu-tools-for-stm32_12.3.rel1.20240306-1730/install-native/share/doc/gcc-arm-none-eabi/pdf --enable-languages=c,c++ --enable-plugins --disable-decimal-float --disable-libffi --disable-libgomp --disable-libmudflap --disable-libquadmath --disable-libssp --disable-libstdcxx-pch --disable-nls --disable-shared --disable-threads --disable-tls --with-gnu-as --with-gnu-ld --with-newlib --with-headers=yes --with-python-dir=share/gcc-arm-none-eabi --with-sysroot=/build/gnu-tools-for-stm32_12.3.rel1.20240306-1730/install-native/arm-none-eabi --with-zstd=no --build=x86_64-apple-darwin10 --host=x86_64-apple-darwin10 --with-gmp=/build/gnu-tools-for-stm32_12.3.rel1.20240306-1730/build-native/host-libs/usr --with-mpfr=/build/gnu-tools-for-stm32_12.3.rel1.20240306-1730/build-native/host-libs/usr --with-mpc=/build/gnu-tools-for-stm32_12.3.rel1.20240306-1730/build-native/host-libs/usr --with-isl=/build/gnu-tools-for-stm32_12.3.rel1.20240306-1730/build-native/host-libs/usr --with-host-libstdcxx='-static-libgcc -Wl,-lstdc++ -lm' --with-pkgversion='GNU Tools for STM32 12.3.rel1.20240306-1730' --with-multilib-list=rmprofile,aprofile]
  ignore line: [Thread model: single]
  ignore line: [Supported LTO compression algorithms: zlib]
  ignore line: [gcc version 12.3.1 20230626 (GNU Tools for STM32 12.3.rel1.20240306-1730) ]
  ignore line: [COLLECT_GCC_OPTIONS='-fdata-sections' '-ffunction-sections' '-v' '-o' 'CMakeFiles/cmTC_844ff.dir/CMakeCCompilerABI.c.obj' '-c' '-mcpu=arm7tdmi' '-mfloat-abi=soft' '-marm' '-mlibarch=armv4t' '-march=armv4t' '-dumpdir' 'CMakeFiles/cmTC_844ff.dir/']
  ignore line: [ /opt/ST/STM32CubeCLT_1.15.1/GNU-tools-for-STM32/bin/../lib/gcc/arm-none-eabi/12.3.1/cc1 -quiet -v -iprefix /opt/ST/STM32CubeCLT_1.15.1/GNU-tools-for-STM32/bin/../lib/gcc/arm-none-eabi/12.3.1/ -isysroot /opt/ST/STM32CubeCLT_1.15.1/GNU-tools-for-STM32/bin/../arm-none-eabi -D__USES_INITFINI__ /opt/local/share/cmake-3.24/Modules/CMakeCCompilerABI.c -quiet -dumpdir CMakeFiles/cmTC_844ff.dir/ -dumpbase CMakeCCompilerABI.c.c -dumpbase-ext .c -mcpu=arm7tdmi -mfloat-abi=soft -marm -mlibarch=armv4t -march=armv4t -version -fdata-sections -ffunction-sections -o /var/folders/zb/2fr8wgwj6w90qbm9z8l8q46c0000gn/T//cc1PaXX8.s]
  ignore line: [GNU C17 (GNU Tools for STM32 12.3.rel1.20240306-1730) version 12.3.1 20230626 (arm-none-eabi)]
  ignore line: [	compiled by GNU C version 4.2.1 Compatible Apple LLVM 10.0.1 (clang-1001.0.46.4)  GMP version 6.2.1  MPFR version 3.1.6  MPC version 1.0.3  isl version isl-0.15-1-g835ea3a-GMP]
  ignore line: []
  ignore line: [GGC heuristics: --param ggc-min-expand=100 --param ggc-min-heapsize=131072]
  ignore line: [ignoring duplicate directory "/opt/ST/STM32CubeCLT_1.15.1/GNU-tools-for-STM32/bin/../lib/gcc/../../lib/gcc/arm-none-eabi/12.3.1/include"]
  ignore line: [ignoring nonexistent directory "/opt/ST/STM32CubeCLT_1.15.1/GNU-tools-for-STM32/bin/../arm-none-eabi/usr/local/include"]
  ignore line: [ignoring duplicate directory "/opt/ST/STM32CubeCLT_1.15.1/GNU-tools-for-STM32/bin/../lib/gcc/../../lib/gcc/arm-none-eabi/12.3.1/include-fixed"]
  ignore line: [ignoring duplicate directory "/opt/ST/STM32CubeCLT_1.15.1/GNU-tools-for-STM32/bin/../lib/gcc/../../lib/gcc/arm-none-eabi/12.3.1/../../../../arm-none-eabi/include"]
  ignore line: [ignoring nonexistent directory "/opt/ST/STM32CubeCLT_1.15.1/GNU-tools-for-STM32/bin/../arm-none-eabi/usr/include"]
  ignore line: [#include "..." search starts here:]
  ignore line: [#include <...> search starts here:]
  ignore line: [ /opt/ST/STM32CubeCLT_1.15.1/GNU-tools-for-STM32/bin/../lib/gcc/arm-none-eabi/12.3.1/include]
  ignore line: [ /opt/ST/STM32CubeCLT_1.15.1/GNU-tools-for-STM32/bin/../lib/gcc/arm-none-eabi/12.3.1/include-fixed]
  ignore line: [ /opt/ST/STM32CubeCLT_1.15.1/GNU-tools-for-STM32/bin/../lib/gcc/arm-none-eabi/12.3.1/../../../../arm-none-eabi/include]
  ignore line: [End of search list.]
  ignore line: [GNU C17 (GNU Tools for STM32 12.3.rel1.20240306-1730) version 12.3.1 20230626 (arm-none-eabi)]
  ignore line: [	compiled by GNU C version 4.2.1 Compatible Apple LLVM 10.0.1 (clang-1001.0.46.4)  GMP version 6.2.1  MPFR version 3.1.6  MPC version 1.0.3  isl version isl-0.15-1-g835ea3a-GMP]
  ignore line: []
  ignore line: [GGC heuristics: --param ggc-min-expand=100 --param ggc-min-heapsize=131072]
  ignore line: [Compiler executable checksum: 5f00c3c68bc7613d4f26c324db7e9015]
  ignore line: [COLLECT_GCC_OPTIONS='-fdata-sections' '-ffunction-sections' '-v' '-o' 'CMakeFiles/cmTC_844ff.dir/CMakeCCompilerABI.c.obj' '-c' '-mcpu=arm7tdmi' '-mfloat-abi=soft' '-marm' '-mlibarch=armv4t' '-march=armv4t' '-dumpdir' 'CMakeFiles/cmTC_844ff.dir/']
  ignore line: [ /opt/ST/STM32CubeCLT_1.15.1/GNU-tools-for-STM32/bin/../lib/gcc/arm-none-eabi/12.3.1/../../../../arm-none-eabi/bin/as -v -march=armv4t -mfloat-abi=soft -meabi=5 -o CMakeFiles/cmTC_844ff.dir/CMakeCCompilerABI.c.obj /var/folders/zb/2fr8wgwj6w90qbm9z8l8q46c0000gn/T//cc1PaXX8.s]
  ignore line: [GNU assembler version 2.40.0 (arm-none-eabi) using BFD version (GNU Tools for STM32 12.3.rel1.20240306-1730) 2.40.0.20230627]
  ignore line: [COMPILER_PATH=/opt/ST/STM32CubeCLT_1.15.1/GNU-tools-for-STM32/bin/../lib/gcc/arm-none-eabi/12.3.1/:/opt/ST/STM32CubeCLT_1.15.1/GNU-tools-for-STM32/bin/../lib/gcc/:/opt/ST/STM32CubeCLT_1.15.1/GNU-tools-for-STM32/bin/../lib/gcc/arm-none-eabi/12.3.1/../../../../arm-none-eabi/bin/]
  ignore line: [LIBRARY_PATH=/opt/ST/STM32CubeCLT_1.15.1/GNU-tools-for-STM32/bin/../lib/gcc/arm-none-eabi/12.3.1/:/opt/ST/STM32CubeCLT_1.15.1/GNU-tools-for-STM32/bin/../lib/gcc/:/opt/ST/STM32CubeCLT_1.15.1/GNU-tools-for-STM32/bin/../lib/gcc/arm-none-eabi/12.3.1/../../../../arm-none-eabi/lib/:/opt/ST/STM32CubeCLT_1.15.1/GNU-tools-for-STM32/bin/../arm-none-eabi/lib/]
  ignore line: [COLLECT_GCC_OPTIONS='-fdata-sections' '-ffunction-sections' '-v' '-o' 'CMakeFiles/cmTC_844ff.dir/CMakeCCompilerABI.c.obj' '-c' '-mcpu=arm7tdmi' '-mfloat-abi=soft' '-marm' '-mlibarch=armv4t' '-march=armv4t' '-dumpdir' 'CMakeFiles/cmTC_844ff.dir/CMakeCCompilerABI.c.']
  ignore line: [[2/2] Linking C static library libcmTC_844ff.a]
  ignore line: []
  ignore line: []
  implicit libs: []
  implicit objs: []
  implicit dirs: []
  implicit fwks: []


Detecting CXX compiler ABI info compiled with the following output:
Change Dir: /Users/saucesaft/Developer/STM32/tractor_sim/build/relWithDebInfo/CMakeFiles/CMakeTmp

Run Build Command(s):/opt/local/bin/ninja cmTC_b9f2f && [1/2] Building CXX object CMakeFiles/cmTC_b9f2f.dir/CMakeCXXCompilerABI.cpp.obj
Using built-in specs.
COLLECT_GCC=/opt/ST/STM32CubeCLT_1.15.1/GNU-tools-for-STM32/bin/arm-none-eabi-g++
Target: arm-none-eabi
Configured with: /build/gnu-tools-for-stm32_12.3.rel1.20240306-1730/src/gcc/configure --target=arm-none-eabi --prefix=/build/gnu-tools-for-stm32_12.3.rel1.20240306-1730/install-native --libexecdir=/build/gnu-tools-for-stm32_12.3.rel1.20240306-1730/install-native/lib --infodir=/build/gnu-tools-for-stm32_12.3.rel1.20240306-1730/install-native/share/doc/gcc-arm-none-eabi/info --mandir=/build/gnu-tools-for-stm32_12.3.rel1.20240306-1730/install-native/share/doc/gcc-arm-none-eabi/man --htmldir=/build/gnu-tools-for-stm32_12.3.rel1.20240306-1730/install-native/share/doc/gcc-arm-none-eabi/html --pdfdir=/build/gnu-tools-for-stm32_12.3.rel1.20240306-1730/install-native/share/doc/gcc-arm-none-eabi/pdf --enable-languages=c,c++ --enable-plugins --disable-decimal-float --disable-libffi --disable-libgomp --disable-libmudflap --disable-libquadmath --disable-libssp --disable-libstdcxx-pch --disable-nls --disable-shared --disable-threads --disable-tls --with-gnu-as --with-gnu-ld --with-newlib --with-headers=yes --with-python-dir=share/gcc-arm-none-eabi --with-sysroot=/build/gnu-tools-for-stm32_12.3.rel1.20240306-1730/install-native/arm-none-eabi --with-zstd=no --build=x86_64-apple-darwin10 --host=x86_64-apple-darwin10 --with-gmp=/build/gnu-tools-for-stm32_12.3.rel1.20240306-1730/build-native/host-libs/usr --with-mpfr=/build/gnu-tools-for-stm32_12.3.rel1.20240306-1730/build-native/host-libs/usr --with-mpc=/build/gnu-tools-for-stm32_12.3.rel1.20240306-1730/build-native/host-libs/usr --with-isl=/build/gnu-tools-for-stm32_12.3.rel1.20240306-1730/build-native/host-libs/usr --with-host-libstdcxx='-static-libgcc -Wl,-lstdc++ -lm' --with-pkgversion='GNU Tools for STM32 12.3.rel1.20240306-1730' --with-multilib-list=rmprofile,aprofile
Thread model: single
Supported LTO compression algorithms: zlib
gcc version 12.3.1 20230626 (GNU Tools for STM32 12.3.rel1.20240306-1730) 
COLLECT_GCC_OPTIONS='-fdata-sections' '-ffunction-sections' '-fno-rtti' '-fno-exceptions' '-fno-threadsafe-statics' '-v' '-o' 'CMakeFiles/cmTC_b9f2f.dir/CMakeCXXCompilerABI.cpp.obj' '-c' '-mcpu=arm7tdmi' '-mfloat-abi=soft' '-marm' '-mlibarch=armv4t' '-march=armv4t' '-dumpdir' 'CMakeFiles/cmTC_b9f2f.dir/'
 /opt/ST/STM32CubeCLT_1.15.1/GNU-tools-for-STM32/bin/../lib/gcc/arm-none-eabi/12.3.1/cc1plus -quiet -v -iprefix /opt/ST/STM32CubeCLT_1.15.1/GNU-tools-for-STM32/bin/../lib/gcc/arm-none-eabi/12.3.1/ -isysroot /opt/ST/STM32CubeCLT_1.15.1/GNU-tools-for-STM32/bin/../arm-none-eabi -D__USES_INITFINI__ /opt/local/share/cmake-3.24/Modules/CMakeCXXCompilerABI.cpp -quiet -dumpdir CMakeFiles/cmTC_b9f2f.dir/ -dumpbase CMakeCXXCompilerABI.cpp.cpp -dumpbase-ext .cpp -mcpu=arm7tdmi -mfloat-abi=soft -marm -mlibarch=armv4t -march=armv4t -version -fdata-sections -ffunction-sections -fno-rtti -fno-exceptions -fno-threadsafe-statics -o /var/folders/zb/2fr8wgwj6w90qbm9z8l8q46c0000gn/T//ccBHvLKs.s
GNU C++17 (GNU Tools for STM32 12.3.rel1.20240306-1730) version 12.3.1 20230626 (arm-none-eabi)
	compiled by GNU C version 4.2.1 Compatible Apple LLVM 10.0.1 (clang-1001.0.46.4), GMP version 6.2.1, MPFR version 3.1.6, MPC version 1.0.3, isl version isl-0.15-1-g835ea3a-GMP

GGC heuristics: --param ggc-min-expand=100 --param ggc-min-heapsize=131072
ignoring duplicate directory "/opt/ST/STM32CubeCLT_1.15.1/GNU-tools-for-STM32/bin/../lib/gcc/../../lib/gcc/arm-none-eabi/12.3.1/../../../../arm-none-eabi/include/c++/12.3.1"
ignoring duplicate directory "/opt/ST/STM32CubeCLT_1.15.1/GNU-tools-for-STM32/bin/../lib/gcc/../../lib/gcc/arm-none-eabi/12.3.1/../../../../arm-none-eabi/include/c++/12.3.1/arm-none-eabi"
ignoring duplicate directory "/opt/ST/STM32CubeCLT_1.15.1/GNU-tools-for-STM32/bin/../lib/gcc/../../lib/gcc/arm-none-eabi/12.3.1/../../../../arm-none-eabi/include/c++/12.3.1/backward"
ignoring duplicate directory "/opt/ST/STM32CubeCLT_1.15.1/GNU-tools-for-STM32/bin/../lib/gcc/../../lib/gcc/arm-none-eabi/12.3.1/include"
ignoring nonexistent directory "/opt/ST/STM32CubeCLT_1.15.1/GNU-tools-for-STM32/bin/../arm-none-eabi/usr/local/include"
ignoring duplicate directory "/opt/ST/STM32CubeCLT_1.15.1/GNU-tools-for-STM32/bin/../lib/gcc/../../lib/gcc/arm-none-eabi/12.3.1/include-fixed"
ignoring duplicate directory "/opt/ST/STM32CubeCLT_1.15.1/GNU-tools-for-STM32/bin/../lib/gcc/../../lib/gcc/arm-none-eabi/12.3.1/../../../../arm-none-eabi/include"
ignoring nonexistent directory "/opt/ST/STM32CubeCLT_1.15.1/GNU-tools-for-STM32/bin/../arm-none-eabi/usr/include"
#include "..." search starts here:
#include <...> search starts here:
 /opt/ST/STM32CubeCLT_1.15.1/GNU-tools-for-STM32/bin/../lib/gcc/arm-none-eabi/12.3.1/../../../../arm-none-eabi/include/c++/12.3.1
 /opt/ST/STM32CubeCLT_1.15.1/GNU-tools-for-STM32/bin/../lib/gcc/arm-none-eabi/12.3.1/../../../../arm-none-eabi/include/c++/12.3.1/arm-none-eabi
 /opt/ST/STM32CubeCLT_1.15.1/GNU-tools-for-STM32/bin/../lib/gcc/arm-none-eabi/12.3.1/../../../../arm-none-eabi/include/c++/12.3.1/backward
 /opt/ST/STM32CubeCLT_1.15.1/GNU-tools-for-STM32/bin/../lib/gcc/arm-none-eabi/12.3.1/include
 /opt/ST/STM32CubeCLT_1.15.1/GNU-tools-for-STM32/bin/../lib/gcc/arm-none-eabi/12.3.1/include-fixed
 /opt/ST/STM32CubeCLT_1.15.1/GNU-tools-for-STM32/bin/../lib/gcc/arm-none-eabi/12.3.1/../../../../arm-none-eabi/include
End of search list.
GNU C++17 (GNU Tools for STM32 12.3.rel1.20240306-1730) version 12.3.1 20230626 (arm-none-eabi)
	compiled by GNU C version 4.2.1 Compatible Apple LLVM 10.0.1 (clang-1001.0.46.4), GMP version 6.2.1, MPFR version 3.1.6, MPC version 1.0.3, isl version isl-0.15-1-g835ea3a-GMP

GGC heuristics: --param ggc-min-expand=100 --param ggc-min-heapsize=131072
Compiler executable checksum: a43f622091858b1bf8b72f24de059808
COLLECT_GCC_OPTIONS='-fdata-sections' '-ffunction-sections' '-fno-rtti' '-fno-exceptions' '-fno-threadsafe-statics' '-v' '-o' 'CMakeFiles/cmTC_b9f2f.dir/CMakeCXXCompilerABI.cpp.obj' '-c' '-mcpu=arm7tdmi' '-mfloat-abi=soft' '-marm' '-mlibarch=armv4t' '-march=armv4t' '-dumpdir' 'CMakeFiles/cmTC_b9f2f.dir/'
 /opt/ST/STM32CubeCLT_1.15.1/GNU-tools-for-STM32/bin/../lib/gcc/arm-none-eabi/12.3.1/../../../../arm-none-eabi/bin/as -v -march=armv4t -mfloat-abi=soft -meabi=5 -o CMakeFiles/cmTC_b9f2f.dir/CMakeCXXCompilerABI.cpp.obj /var/folders/zb/2fr8wgwj6w90qbm9z8l8q46c0000gn/T//ccBHvLKs.s
GNU assembler version 2.40.0 (arm-none-eabi) using BFD version (GNU Tools for STM32 12.3.rel1.20240306-1730) 2.40.0.20230627
COMPILER_PATH=/opt/ST/STM32CubeCLT_1.15.1/GNU-tools-for-STM32/bin/../lib/gcc/arm-none-eabi/12.3.1/:/opt/ST/STM32CubeCLT_1.15.1/GNU-tools-for-STM32/bin/../lib/gcc/:/opt/ST/STM32CubeCLT_1.15.1/GNU-tools-for-STM32/bin/../lib/gcc/arm-none-eabi/12.3.1/../../../../arm-none-eabi/bin/
LIBRARY_PATH=/opt/ST/STM32CubeCLT_1.15.1/GNU-tools-for-STM32/bin/../lib/gcc/arm-none-eabi/12.3.1/:/opt/ST/STM32CubeCLT_1.15.1/GNU-tools-for-STM32/bin/../lib/gcc/:/opt/ST/STM32CubeCLT_1.15.1/GNU-tools-for-STM32/bin/../lib/gcc/arm-none-eabi/12.3.1/../../../../arm-none-eabi/lib/:/opt/ST/STM32CubeCLT_1.15.1/GNU-tools-for-STM32/bin/../arm-none-eabi/lib/
COLLECT_GCC_OPTIONS='-fdata-sections' '-ffunction-sections' '-fno-rtti' '-fno-exceptions' '-fno-threadsafe-statics' '-v' '-o' 'CMakeFiles/cmTC_b9f2f.dir/CMakeCXXCompilerABI.cpp.obj' '-c' '-mcpu=arm7tdmi' '-mfloat-abi=soft' '-marm' '-mlibarch=armv4t' '-march=armv4t' '-dumpdir' 'CMakeFiles/cmTC_b9f2f.dir/CMakeCXXCompilerABI.cpp.'
[2/2] Linking CXX static library libcmTC_b9f2f.a



Parsed CXX implicit include dir info from above output: rv=done
  found start of include info
  found start of implicit include info
    add: [/opt/ST/STM32CubeCLT_1.15.1/GNU-tools-for-STM32/bin/../lib/gcc/arm-none-eabi/12.3.1/../../../../arm-none-eabi/include/c++/12.3.1]
    add: [/opt/ST/STM32CubeCLT_1.15.1/GNU-tools-for-STM32/bin/../lib/gcc/arm-none-eabi/12.3.1/../../../../arm-none-eabi/include/c++/12.3.1/arm-none-eabi]
    add: [/opt/ST/STM32CubeCLT_1.15.1/GNU-tools-for-STM32/bin/../lib/gcc/arm-none-eabi/12.3.1/../../../../arm-none-eabi/include/c++/12.3.1/backward]
    add: [/opt/ST/STM32CubeCLT_1.15.1/GNU-tools-for-STM32/bin/../lib/gcc/arm-none-eabi/12.3.1/include]
    add: [/opt/ST/STM32CubeCLT_1.15.1/GNU-tools-for-STM32/bin/../lib/gcc/arm-none-eabi/12.3.1/include-fixed]
    add: [/opt/ST/STM32CubeCLT_1.15.1/GNU-tools-for-STM32/bin/../lib/gcc/arm-none-eabi/12.3.1/../../../../arm-none-eabi/include]
  end of search list found
  collapse include dir [/opt/ST/STM32CubeCLT_1.15.1/GNU-tools-for-STM32/bin/../lib/gcc/arm-none-eabi/12.3.1/../../../../arm-none-eabi/include/c++/12.3.1] ==> [/opt/ST/STM32CubeCLT_1.15.1/GNU-tools-for-STM32/arm-none-eabi/include/c++/12.3.1]
  collapse include dir [/opt/ST/STM32CubeCLT_1.15.1/GNU-tools-for-STM32/bin/../lib/gcc/arm-none-eabi/12.3.1/../../../../arm-none-eabi/include/c++/12.3.1/arm-none-eabi] ==> [/opt/ST/STM32CubeCLT_1.15.1/GNU-tools-for-STM32/arm-none-eabi/include/c++/12.3.1/arm-none-eabi]
  collapse include dir [/opt/ST/STM32CubeCLT_1.15.1/GNU-tools-for-STM32/bin/../lib/gcc/arm-none-eabi/12.3.1/../../../../arm-none-eabi/include/c++/12.3.1/backward] ==> [/opt/ST/STM32CubeCLT_1.15.1/GNU-tools-for-STM32/arm-none-eabi/include/c++/12.3.1/backward]
  collapse include dir [/opt/ST/STM32CubeCLT_1.15.1/GNU-tools-for-STM32/bin/../lib/gcc/arm-none-eabi/12.3.1/include] ==> [/opt/ST/STM32CubeCLT_1.15.1/GNU-tools-for-STM32/lib/gcc/arm-none-eabi/12.3.1/include]
  collapse include dir [/opt/ST/STM32CubeCLT_1.15.1/GNU-tools-for-STM32/bin/../lib/gcc/arm-none-eabi/12.3.1/include-fixed] ==> [/opt/ST/STM32CubeCLT_1.15.1/GNU-tools-for-STM32/lib/gcc/arm-none-eabi/12.3.1/include-fixed]
  collapse include dir [/opt/ST/STM32CubeCLT_1.15.1/GNU-tools-for-STM32/bin/../lib/gcc/arm-none-eabi/12.3.1/../../../../arm-none-eabi/include] ==> [/opt/ST/STM32CubeCLT_1.15.1/GNU-tools-for-STM32/arm-none-eabi/include]
  implicit include dirs: [/opt/ST/STM32CubeCLT_1.15.1/GNU-tools-for-STM32/arm-none-eabi/include/c++/12.3.1;/opt/ST/STM32CubeCLT_1.15.1/GNU-tools-for-STM32/arm-none-eabi/include/c++/12.3.1/arm-none-eabi;/opt/ST/STM32CubeCLT_1.15.1/GNU-tools-for-STM32/arm-none-eabi/include/c++/12.3.1/backward;/opt/ST/STM32CubeCLT_1.15.1/GNU-tools-for-STM32/lib/gcc/arm-none-eabi/12.3.1/include;/opt/ST/STM32CubeCLT_1.15.1/GNU-tools-for-STM32/lib/gcc/arm-none-eabi/12.3.1/include-fixed;/opt/ST/STM32CubeCLT_1.15.1/GNU-tools-for-STM32/arm-none-eabi/include]


Parsed CXX implicit link information from above output:
  link line regex: [^( *|.*[/\])(arm-none-eabi-ld|CMAKE_LINK_STARTFILE-NOTFOUND|([^/\]+-)?ld|collect2)[^/\]*( |$)]
  ignore line: [Change Dir: /Users/saucesaft/Developer/STM32/tractor_sim/build/relWithDebInfo/CMakeFiles/CMakeTmp]
  ignore line: []
  ignore line: [Run Build Command(s):/opt/local/bin/ninja cmTC_b9f2f && [1/2] Building CXX object CMakeFiles/cmTC_b9f2f.dir/CMakeCXXCompilerABI.cpp.obj]
  ignore line: [Using built-in specs.]
  ignore line: [COLLECT_GCC=/opt/ST/STM32CubeCLT_1.15.1/GNU-tools-for-STM32/bin/arm-none-eabi-g++]
  ignore line: [Target: arm-none-eabi]
  ignore line: [Configured with: /build/gnu-tools-for-stm32_12.3.rel1.20240306-1730/src/gcc/configure --target=arm-none-eabi --prefix=/build/gnu-tools-for-stm32_12.3.rel1.20240306-1730/install-native --libexecdir=/build/gnu-tools-for-stm32_12.3.rel1.20240306-1730/install-native/lib --infodir=/build/gnu-tools-for-stm32_12.3.rel1.20240306-1730/install-native/share/doc/gcc-arm-none-eabi/info --mandir=/build/gnu-tools-for-stm32_12.3.rel1.20240306-1730/install-native/share/doc/gcc-arm-none-eabi/man --htmldir=/build/gnu-tools-for-stm32_12.3.rel1.20240306-1730/install-native/share/doc/gcc-arm-none-eabi/html --pdfdir=/build/gnu-tools-for-stm32_12.3.rel1.20240306-1730/install-native/share/doc/gcc-arm-none-eabi/pdf --enable-languages=c,c++ --enable-plugins --disable-decimal-float --disable-libffi --disable-libgomp --disable-libmudflap --disable-libquadmath --disable-libssp --disable-libstdcxx-pch --disable-nls --disable-shared --disable-threads --disable-tls --with-gnu-as --with-gnu-ld --with-newlib --with-headers=yes --with-python-dir=share/gcc-arm-none-eabi --with-sysroot=/build/gnu-tools-for-stm32_12.3.rel1.20240306-1730/install-native/arm-none-eabi --with-zstd=no --build=x86_64-apple-darwin10 --host=x86_64-apple-darwin10 --with-gmp=/build/gnu-tools-for-stm32_12.3.rel1.20240306-1730/build-native/host-libs/usr --with-mpfr=/build/gnu-tools-for-stm32_12.3.rel1.20240306-1730/build-native/host-libs/usr --with-mpc=/build/gnu-tools-for-stm32_12.3.rel1.20240306-1730/build-native/host-libs/usr --with-isl=/build/gnu-tools-for-stm32_12.3.rel1.20240306-1730/build-native/host-libs/usr --with-host-libstdcxx='-static-libgcc -Wl,-lstdc++ -lm' --with-pkgversion='GNU Tools for STM32 12.3.rel1.20240306-1730' --with-multilib-list=rmprofile,aprofile]
  ignore line: [Thread model: single]
  ignore line: [Supported LTO compression algorithms: zlib]
  ignore line: [gcc version 12.3.1 20230626 (GNU Tools for STM32 12.3.rel1.20240306-1730) ]
  ignore line: [COLLECT_GCC_OPTIONS='-fdata-sections' '-ffunction-sections' '-fno-rtti' '-fno-exceptions' '-fno-threadsafe-statics' '-v' '-o' 'CMakeFiles/cmTC_b9f2f.dir/CMakeCXXCompilerABI.cpp.obj' '-c' '-mcpu=arm7tdmi' '-mfloat-abi=soft' '-marm' '-mlibarch=armv4t' '-march=armv4t' '-dumpdir' 'CMakeFiles/cmTC_b9f2f.dir/']
  ignore line: [ /opt/ST/STM32CubeCLT_1.15.1/GNU-tools-for-STM32/bin/../lib/gcc/arm-none-eabi/12.3.1/cc1plus -quiet -v -iprefix /opt/ST/STM32CubeCLT_1.15.1/GNU-tools-for-STM32/bin/../lib/gcc/arm-none-eabi/12.3.1/ -isysroot /opt/ST/STM32CubeCLT_1.15.1/GNU-tools-for-STM32/bin/../arm-none-eabi -D__USES_INITFINI__ /opt/local/share/cmake-3.24/Modules/CMakeCXXCompilerABI.cpp -quiet -dumpdir CMakeFiles/cmTC_b9f2f.dir/ -dumpbase CMakeCXXCompilerABI.cpp.cpp -dumpbase-ext .cpp -mcpu=arm7tdmi -mfloat-abi=soft -marm -mlibarch=armv4t -march=armv4t -version -fdata-sections -ffunction-sections -fno-rtti -fno-exceptions -fno-threadsafe-statics -o /var/folders/zb/2fr8wgwj6w90qbm9z8l8q46c0000gn/T//ccBHvLKs.s]
  ignore line: [GNU C++17 (GNU Tools for STM32 12.3.rel1.20240306-1730) version 12.3.1 20230626 (arm-none-eabi)]
  ignore line: [	compiled by GNU C version 4.2.1 Compatible Apple LLVM 10.0.1 (clang-1001.0.46.4)  GMP version 6.2.1  MPFR version 3.1.6  MPC version 1.0.3  isl version isl-0.15-1-g835ea3a-GMP]
  ignore line: []
  ignore line: [GGC heuristics: --param ggc-min-expand=100 --param ggc-min-heapsize=131072]
  ignore line: [ignoring duplicate directory "/opt/ST/STM32CubeCLT_1.15.1/GNU-tools-for-STM32/bin/../lib/gcc/../../lib/gcc/arm-none-eabi/12.3.1/../../../../arm-none-eabi/include/c++/12.3.1"]
  ignore line: [ignoring duplicate directory "/opt/ST/STM32CubeCLT_1.15.1/GNU-tools-for-STM32/bin/../lib/gcc/../../lib/gcc/arm-none-eabi/12.3.1/../../../../arm-none-eabi/include/c++/12.3.1/arm-none-eabi"]
  ignore line: [ignoring duplicate directory "/opt/ST/STM32CubeCLT_1.15.1/GNU-tools-for-STM32/bin/../lib/gcc/../../lib/gcc/arm-none-eabi/12.3.1/../../../../arm-none-eabi/include/c++/12.3.1/backward"]
  ignore line: [ignoring duplicate directory "/opt/ST/STM32CubeCLT_1.15.1/GNU-tools-for-STM32/bin/../lib/gcc/../../lib/gcc/arm-none-eabi/12.3.1/include"]
  ignore line: [ignoring nonexistent directory "/opt/ST/STM32CubeCLT_1.15.1/GNU-tools-for-STM32/bin/../arm-none-eabi/usr/local/include"]
  ignore line: [ignoring duplicate directory "/opt/ST/STM32CubeCLT_1.15.1/GNU-tools-for-STM32/bin/../lib/gcc/../../lib/gcc/arm-none-eabi/12.3.1/include-fixed"]
  ignore line: [ignoring duplicate directory "/opt/ST/STM32CubeCLT_1.15.1/GNU-tools-for-STM32/bin/../lib/gcc/../../lib/gcc/arm-none-eabi/12.3.1/../../../../arm-none-eabi/include"]
  ignore line: [ignoring nonexistent directory "/opt/ST/STM32CubeCLT_1.15.1/GNU-tools-for-STM32/bin/../arm-none-eabi/usr/include"]
  ignore line: [#include "..." search starts here:]
  ignore line: [#include <...> search starts here:]
  ignore line: [ /opt/ST/STM32CubeCLT_1.15.1/GNU-tools-for-STM32/bin/../lib/gcc/arm-none-eabi/12.3.1/../../../../arm-none-eabi/include/c++/12.3.1]
  ignore line: [ /opt/ST/STM32CubeCLT_1.15.1/GNU-tools-for-STM32/bin/../lib/gcc/arm-none-eabi/12.3.1/../../../../arm-none-eabi/include/c++/12.3.1/arm-none-eabi]
  ignore line: [ /opt/ST/STM32CubeCLT_1.15.1/GNU-tools-for-STM32/bin/../lib/gcc/arm-none-eabi/12.3.1/../../../../arm-none-eabi/include/c++/12.3.1/backward]
  ignore line: [ /opt/ST/STM32CubeCLT_1.15.1/GNU-tools-for-STM32/bin/../lib/gcc/arm-none-eabi/12.3.1/include]
  ignore line: [ /opt/ST/STM32CubeCLT_1.15.1/GNU-tools-for-STM32/bin/../lib/gcc/arm-none-eabi/12.3.1/include-fixed]
  ignore line: [ /opt/ST/STM32CubeCLT_1.15.1/GNU-tools-for-STM32/bin/../lib/gcc/arm-none-eabi/12.3.1/../../../../arm-none-eabi/include]
  ignore line: [End of search list.]
  ignore line: [GNU C++17 (GNU Tools for STM32 12.3.rel1.20240306-1730) version 12.3.1 20230626 (arm-none-eabi)]
  ignore line: [	compiled by GNU C version 4.2.1 Compatible Apple LLVM 10.0.1 (clang-1001.0.46.4)  GMP version 6.2.1  MPFR version 3.1.6  MPC version 1.0.3  isl version isl-0.15-1-g835ea3a-GMP]
  ignore line: []
  ignore line: [GGC heuristics: --param ggc-min-expand=100 --param ggc-min-heapsize=131072]
  ignore line: [Compiler executable checksum: a43f622091858b1bf8b72f24de059808]
  ignore line: [COLLECT_GCC_OPTIONS='-fdata-sections' '-ffunction-sections' '-fno-rtti' '-fno-exceptions' '-fno-threadsafe-statics' '-v' '-o' 'CMakeFiles/cmTC_b9f2f.dir/CMakeCXXCompilerABI.cpp.obj' '-c' '-mcpu=arm7tdmi' '-mfloat-abi=soft' '-marm' '-mlibarch=armv4t' '-march=armv4t' '-dumpdir' 'CMakeFiles/cmTC_b9f2f.dir/']
  ignore line: [ /opt/ST/STM32CubeCLT_1.15.1/GNU-tools-for-STM32/bin/../lib/gcc/arm-none-eabi/12.3.1/../../../../arm-none-eabi/bin/as -v -march=armv4t -mfloat-abi=soft -meabi=5 -o CMakeFiles/cmTC_b9f2f.dir/CMakeCXXCompilerABI.cpp.obj /var/folders/zb/2fr8wgwj6w90qbm9z8l8q46c0000gn/T//ccBHvLKs.s]
  ignore line: [GNU assembler version 2.40.0 (arm-none-eabi) using BFD version (GNU Tools for STM32 12.3.rel1.20240306-1730) 2.40.0.20230627]
  ignore line: [COMPILER_PATH=/opt/ST/STM32CubeCLT_1.15.1/GNU-tools-for-STM32/bin/../lib/gcc/arm-none-eabi/12.3.1/:/opt/ST/STM32CubeCLT_1.15.1/GNU-tools-for-STM32/bin/../lib/gcc/:/opt/ST/STM32CubeCLT_1.15.1/GNU-tools-for-STM32/bin/../lib/gcc/arm-none-eabi/12.3.1/../../../../arm-none-eabi/bin/]
  ignore line: [LIBRARY_PATH=/opt/ST/STM32CubeCLT_1.15.1/GNU-tools-for-STM32/bin/../lib/gcc/arm-none-eabi/12.3.1/:/opt/ST/STM32CubeCLT_1.15.1/GNU-tools-for-STM32/bin/../lib/gcc/:/opt/ST/STM32CubeCLT_1.15.1/GNU-tools-for-STM32/bin/../lib/gcc/arm-none-eabi/12.3.1/../../../../arm-none-eabi/lib/:/opt/ST/STM32CubeCLT_1.15.1/GNU-tools-for-STM32/bin/../arm-none-eabi/lib/]
  ignore line: [COLLECT_GCC_OPTIONS='-fdata-sections' '-ffunction-sections' '-fno-rtti' '-fno-exceptions' '-fno-threadsafe-statics' '-v' '-o' 'CMakeFiles/cmTC_b9f2f.dir/CMakeCXXCompilerABI.cpp.obj' '-c' '-mcpu=arm7tdmi' '-mfloat-abi=soft' '-marm' '-mlibarch=armv4t' '-march=armv4t' '-dumpdir' 'CMakeFiles/cmTC_b9f2f.dir/CMakeCXXCompilerABI.cpp.']
  ignore line: [[2/2] Linking CXX static library libcmTC_b9f2f.a]
  ignore line: []
  ignore line: []
  implicit libs: []
  implicit objs: []
  implicit dirs: []
  implicit fwks: []


Checking whether the ASM compiler is GNU using "--version" matched "(GNU assembler)|(GCC)|(Free Software Foundation)":
arm-none-eabi-gcc (GNU Tools for STM32 12.3.rel1.20240306-1730) 12.3.1 20230626
Copyright (C) 2022 Free Software Foundation, Inc.
This is free software; see the source for copying conditions.  There is NO
warranty; not even for MERCHANTABILITY or FITNESS FOR A PARTICULAR PURPOSE.

